<?xml version="1.0" encoding="UTF-8"?>
<!-- Generated by org.testng.reporters.JUnitReportReporter -->
<testsuite skipped="0" hostname="DESKTOP-ELRLJGB" name="maven2.Testhelloword" tests="1" failures="0" timestamp="2020-12-26T09:58:28 IST" time="0.021" errors="0">
  <testcase name="test_01" time="0.021" classname="maven2.Testhelloword"/>
  <system-out/>
</testsuite> <!-- maven2.Testhelloword -->
