<?xml version="1.0" encoding="UTF-8"?>
<!-- Generated by org.testng.reporters.JUnitReportReporter -->
<testsuite skipped="0" hostname="DESKTOP-ELRLJGB" name="maven2.Test01" tests="1" failures="0" timestamp="2020-12-26T10:01:15 IST" time="0.031" errors="0">
  <testcase name="TestHelloword" time="0.031" classname="maven2.Test01"/>
  <system-out/>
</testsuite> <!-- maven2.Test01 -->
